0 info it worked if it ends with ok
1 verbose cli [ 'node', '/usr/local/bin/npm', 'run', 'test' ]
2 info using npm@2.10.1
3 info using node@v0.12.4
4 verbose run-script [ 'pretest', 'test', 'posttest' ]
5 info pretest begin_react_workshop@0.0.1
6 info test begin_react_workshop@0.0.1
7 verbose unsafe-perm in lifecycle true
8 info begin_react_workshop@0.0.1 Failed to exec test script
9 verbose stack Error: begin_react_workshop@0.0.1 test: `mocha --compilers js:babel/register --recursive`
9 verbose stack Exit status 1
9 verbose stack     at EventEmitter.<anonymous> (/usr/local/lib/node_modules/npm/lib/utils/lifecycle.js:213:16)
9 verbose stack     at EventEmitter.emit (events.js:110:17)
9 verbose stack     at ChildProcess.<anonymous> (/usr/local/lib/node_modules/npm/lib/utils/spawn.js:24:14)
9 verbose stack     at ChildProcess.emit (events.js:110:17)
9 verbose stack     at maybeClose (child_process.js:1015:16)
9 verbose stack     at Process.ChildProcess._handle.onexit (child_process.js:1087:5)
10 verbose pkgid begin_react_workshop@0.0.1
11 verbose cwd /home/xyz/Documents/FAC/reactTesterAppFruit
12 error Linux 3.16.0-43-generic
13 error argv "node" "/usr/local/bin/npm" "run" "test"
14 error node v0.12.4
15 error npm  v2.10.1
16 error code ELIFECYCLE
17 error begin_react_workshop@0.0.1 test: `mocha --compilers js:babel/register --recursive`
17 error Exit status 1
18 error Failed at the begin_react_workshop@0.0.1 test script 'mocha --compilers js:babel/register --recursive'.
18 error This is most likely a problem with the begin_react_workshop package,
18 error not with npm itself.
18 error Tell the author that this fails on your system:
18 error     mocha --compilers js:babel/register --recursive
18 error You can get their info via:
18 error     npm owner ls begin_react_workshop
18 error There is likely additional logging output above.
19 verbose exit [ 1, true ]
